       ------------------------------------
row: 0 | 8   .   . | .   6   7 | .   1   . |
row: 1 | 7   .   . | 5   .   . | .   9   8 |
row: 2 | 2   .   . | .   8   . | 3   .   . |
       ------------------------------------
row: 3 | 5   .   8 | .   .   2 | .   .   . |
row: 4 | .   9   7 | 1   .   3 | 4   8   . |
row: 5 | .   .   . | 6   .   . | 1   .   5 |
       ------------------------------------
row: 6 | .   .   6 | .   4   . | .   .   3 |
row: 7 | 4   3   . | .   .   5 | .   .   9 |
row: 8 | .   8   . | 2   3   . | .   .   1 |
       ------------------------------------
        1, 2, 3, 4, 5, 6, 7, 8, 9
row 0: (1, 0, 0, 0, 0, 1, 1, 1, 0)
row 1: (0, 0, 0, 0, 1, 0, 1, 1, 1)
row 2: (0, 1, 1, 0, 0, 0, 0, 1, 0)
row 3: (0, 1, 0, 0, 1, 0, 0, 1, 0)
row 4: (1, 0, 1, 1, 0, 0, 1, 1, 1)
row 5: (1, 0, 0, 0, 1, 1, 0, 0, 0)
row 6: (0, 0, 1, 1, 0, 1, 0, 0, 0)
row 7: (0, 0, 1, 1, 1, 0, 0, 0, 1)
row 8: (1, 1, 1, 0, 0, 0, 0, 1, 0)
ITERATION #1
       ------------------------------------
row: 0 | 8   .   . |<3>  6   7 | .   1   . |
row: 1 | 7   .   . | 5  <2>  . |<6>  9   8 |
row: 2 | 2   .   . | .   8   . | 3   .   . |
       ------------------------------------
row: 3 | 5  <1>  8 | .   .   2 |<9> <3>  . |
row: 4 |<6>  9   7 | 1  <5>  3 | 4   8  <2>|
row: 5 |<3>  .   . | 6   .  <8>| 1   .   5 |
       ------------------------------------
row: 6 | .  <7>  6 | .   4   . | .   .   3 |
row: 7 | 4   3   . | .   .   5 | .  <6>  9 |
row: 8 |<9>  8   . | 2   3  <6>| .  <4>  1 |
       ------------------------------------
ITERATION #2
       ------------------------------------
row: 0 | 8   .   . | 3   6   7 |<2>  1  <4>|
row: 1 | 7  <4> <3>| 5   2  <1>| 6   9   8 |
row: 2 | 2  <6>  . | .   8   . | 3   .   . |
       ------------------------------------
row: 3 | 5   1   8 |<4> <7>  2 | 9   3  <6>|
row: 4 | 6   9   7 | 1   5   3 | 4   8   2 |
row: 5 | 3  <2> <4>| 6  <9>  8 | 1  <7>  5 |
       ------------------------------------
row: 6 |<1>  7   6 | .   4  <9>| .  <2>  3 |
row: 7 | 4   3  <2>|<7> <1>  5 |<8>  6   9 |
row: 8 | 9   8  <5>| 2   3   6 |<7>  4   1 |
       ------------------------------------
ITERATION #3
       ------------------------------------
row: 0 | 8  <5> <9>| 3   6   7 | 2   1   4 |
row: 1 | 7   4   3 | 5   2   1 | 6   9   8 |
row: 2 | 2   6  <1>|<9>  8  <4>| 3  <5> <7>|
       ------------------------------------
row: 3 | 5   1   8 | 4   7   2 | 9   3   6 |
row: 4 | 6   9   7 | 1   5   3 | 4   8   2 |
row: 5 | 3   2   4 | 6   9   8 | 1   7   5 |
       ------------------------------------
row: 6 | 1   7   6 |<8>  4   9 |<5>  2   3 |
row: 7 | 4   3   2 | 7   1   5 | 8   6   9 |
row: 8 | 9   8   5 | 2   3   6 | 7   4   1 |
       ------------------------------------
ITERATION #4
       ------------------------------------
row: 0 | 8   5   9 | 3   6   7 | 2   1   4 |
row: 1 | 7   4   3 | 5   2   1 | 6   9   8 |
row: 2 | 2   6   1 | 9   8   4 | 3   5   7 |
       ------------------------------------
row: 3 | 5   1   8 | 4   7   2 | 9   3   6 |
row: 4 | 6   9   7 | 1   5   3 | 4   8   2 |
row: 5 | 3   2   4 | 6   9   8 | 1   7   5 |
       ------------------------------------
row: 6 | 1   7   6 | 8   4   9 | 5   2   3 |
row: 7 | 4   3   2 | 7   1   5 | 8   6   9 |
row: 8 | 9   8   5 | 2   3   6 | 7   4   1 |
       ------------------------------------
=================
solveBoardSimple: SOLVED
=================
