       ------------------------------------
row: 0 | .   .   . | .   .   2 | 7   .   8 |
row: 1 | .   .   4 | .   8   . | 9   .   6 |
row: 2 | .   .   6 | 4   .   . | .   .   2 |
       ------------------------------------
row: 3 | .   .   . | 5   .   . | .   .   9 |
row: 4 | .   5   . | .   .   . | .   2   . |
row: 5 | 3   .   . | .   .   6 | .   .   . |
       ------------------------------------
row: 6 | 9   .   . | .   .   1 | 4   .   . |
row: 7 | 4   .   2 | .   9   . | 3   .   . |
row: 8 | 5   .   3 | 8   .   . | .   .   . |
       ------------------------------------
        1, 2, 3, 4, 5, 6, 7, 8, 9
row 0: (0, 1, 0, 0, 0, 0, 1, 1, 0)
row 1: (0, 0, 0, 1, 0, 1, 0, 1, 1)
row 2: (0, 1, 0, 1, 0, 1, 0, 0, 0)
row 3: (0, 0, 0, 0, 1, 0, 0, 0, 1)
row 4: (0, 1, 0, 0, 1, 0, 0, 0, 0)
row 5: (0, 0, 1, 0, 0, 1, 0, 0, 0)
row 6: (1, 0, 0, 1, 0, 0, 0, 0, 1)
row 7: (0, 1, 1, 1, 0, 0, 0, 0, 1)
row 8: (0, 0, 1, 0, 1, 0, 0, 1, 0)
ITERATION #1
       ------------------------------------
row: 0 |<1>  .  <5>| .   .   2 | 7  <4>  8 |
row: 1 | .   .   4 | .   8   . | 9   .   6 |
row: 2 | .   .   6 | 4   .   . | .   .   2 |
       ------------------------------------
row: 3 | .   .   . | 5   .   . | .   .   9 |
row: 4 | .   5   . | .   .   . | .   2   . |
row: 5 | 3   .   . | .   .   6 | .   .   . |
       ------------------------------------
row: 6 | 9   .   . | .   .   1 | 4   .   . |
row: 7 | 4   .   2 | .   9   . | 3   .   . |
row: 8 | 5   .   3 | 8   .   . |<2> <9>  . |
       ------------------------------------
ITERATION #2
       ------------------------------------
row: 0 | 1   .   5 | .   .   2 | 7   4   8 |
row: 1 | .   .   4 | .   8   . | 9   .   6 |
row: 2 | .   .   6 | 4   .   . | .   .   2 |
       ------------------------------------
row: 3 | .   .   . | 5   .   . | .   .   9 |
row: 4 | .   5   . | .   .   . | .   2   . |
row: 5 | 3   .   . | .   .   6 | .   .   . |
       ------------------------------------
row: 6 | 9   .   . | .   .   1 | 4   .   . |
row: 7 | 4   .   2 | .   9   . | 3   .   . |
row: 8 | 5   .   3 | 8   .   . | 2   9   . |
       ------------------------------------
=================
solveBoardSimple: Failed to solve just on constraints
=================
solveBoard: seed attempt #1 -> (1, 0) := 3
ITERATION #1
       ------------------------------------
row: 0 | 1  {3}  5 |<9> <6>  2 | 7   4   8 |
row: 1 | .   .   4 | .   8   . | 9   .   6 |
row: 2 | .  <9>  6 | 4   .   . | .   .   2 |
       ------------------------------------
row: 3 | .   .   . | 5   .   . | .   .   9 |
row: 4 | .   5   . | .   .  <9>| .   2   . |
row: 5 | 3   .   . | .   .   6 | .   .   . |
       ------------------------------------
row: 6 | 9   .   . | .   .   1 | 4   .   . |
row: 7 | 4   .   2 | .   9   . | 3   .   . |
row: 8 | 5   .   3 | 8   .   . | 2   9   . |
       ------------------------------------
ITERATION #2
       ------------------------------------
row: 0 | 1  {3}  5 | 9   6   2 | 7   4   8 |
row: 1 | .   .   4 | .   8   . | 9   .   6 |
row: 2 |<8>  9   6 | 4   .   . | .   .   2 |
       ------------------------------------
row: 3 | .   .   . | 5   .  <8>| .   .   9 |
row: 4 | .   5   . | .   .   9 | .   2   . |
row: 5 | 3   .  <9>| .   .   6 | .   .   . |
       ------------------------------------
row: 6 | 9   .   . | .   .   1 | 4   .   . |
row: 7 | 4   .   2 | .   9   . | 3   .   . |
row: 8 | 5   .   3 | 8   .   . | 2   9   . |
       ------------------------------------
ITERATION #3
       ------------------------------------
row: 0 | 1  {3}  5 | 9   6   2 | 7   4   8 |
row: 1 | .   .   4 | .   8   . | 9   .   6 |
row: 2 | 8   9   6 | 4   .   . | .   .   2 |
       ------------------------------------
row: 3 | .   .   . | 5   .   8 | .   .   9 |
row: 4 | .   5   . | .   .   9 | .   2   . |
row: 5 | 3   .   9 | .   .   6 | .   .   . |
       ------------------------------------
row: 6 | 9   .   . | .   .   1 | 4   .   . |
row: 7 | 4   .   2 | .   9   . | 3   .   . |
row: 8 | 5   .   3 | 8   .   . | 2   9   . |
       ------------------------------------
=================
solveBoardSimple: Failed to solve just on constraints
=================
solveBoard: seed attempt #2 -> (1, 0) := 9
ITERATION #1
       ------------------------------------
row: 0 | 1  {9}  5 | .   .   2 | 7   4   8 |
row: 1 | .   .   4 | .   8   . | 9   .   6 |
row: 2 | .   .   6 | 4   .  <9>| .   .   2 |
       ------------------------------------
row: 3 | .   .   . | 5   .   . | .   .   9 |
row: 4 | .   5   . | .   .   . | .   2   . |
row: 5 | 3   .   . | .   .   6 | .   .   . |
       ------------------------------------
row: 6 | 9   .   . | .   .   1 | 4   .   . |
row: 7 | 4   .   2 | .   9   . | 3   .   . |
row: 8 | 5   .   3 | 8   .   . | 2   9   . |
       ------------------------------------
ITERATION #2
       ------------------------------------
row: 0 | 1  {9}  5 | .   .   2 | 7   4   8 |
row: 1 | .   .   4 | .   8   . | 9   .   6 |
row: 2 | .   .   6 | 4   .   9 | .   .   2 |
       ------------------------------------
row: 3 | .   .   . | 5   .   . | .   .   9 |
row: 4 | .   5   . | .   .   . | .   2   . |
row: 5 | 3   .   . | .   .   6 | .   .   . |
       ------------------------------------
row: 6 | 9   .   . | .   .   1 | 4   .   . |
row: 7 | 4   .   2 | .   9   . | 3   .   . |
row: 8 | 5   .   3 | 8   .   . | 2   9   . |
       ------------------------------------
=================
solveBoardSimple: Failed to solve just on constraints
=================
solveBoard: seed attempt #3 -> (3, 0) := 3
ITERATION #1
       ------------------------------------
row: 0 | 1  <9>  5 |{3} <6>  2 | 7   4   8 |
row: 1 | .   .   4 | .   8   . | 9   .   6 |
row: 2 | .   .   6 | 4   .  <9>| .   .   2 |
       ------------------------------------
row: 3 | .   .   . | 5   .   . | .   .   9 |
row: 4 | .   5   . | .   .   . | .   2   . |
row: 5 | 3   .   . | .   .   6 | .   .   . |
       ------------------------------------
row: 6 | 9   .   . | .  <3>  1 | 4   .   . |
row: 7 | 4   .   2 | .   9   . | 3   .   . |
row: 8 | 5   .   3 | 8   .   . | 2   9   . |
       ------------------------------------
ITERATION #2
       ------------------------------------
row: 0 | 1   9   5 |{3}  6   2 | 7   4   8 |
row: 1 | .   .   4 | .   8   . | 9   .   6 |
row: 2 | .   .   6 | 4   .   9 | .   .   2 |
       ------------------------------------
row: 3 | .   .   . | 5   .   . | .   .   9 |
row: 4 | .   5   . | .   .   . | .   2   . |
row: 5 | 3   .   . | .   .   6 | .   .   . |
       ------------------------------------
row: 6 | 9   .   . |<2>  3   1 | 4   .   . |
row: 7 | 4   .   2 | .   9  <5>| 3   .   . |
row: 8 | 5   .   3 | 8   .   . | 2   9   . |
       ------------------------------------
ITERATION #3
       ------------------------------------
row: 0 | 1   9   5 |{3}  6   2 | 7   4   8 |
row: 1 | .   .   4 | .   8  <7>| 9  <5>  6 |
row: 2 | .   .   6 | 4  <5>  9 |<1>  .   2 |
       ------------------------------------
row: 3 | .   .   . | 5   .   . | .   .   9 |
row: 4 | .   5   . | .   .   . | .   2   . |
row: 5 | 3   .   . | .   .   6 | .   .   . |
       ------------------------------------
row: 6 | 9   .   . | 2   3   1 | 4  <6> <5>|
row: 7 | 4   .   2 |<6>  9   5 | 3   .   . |
row: 8 | 5   .   3 | 8   .  <4>| 2   9   . |
       ------------------------------------
ITERATION #4
       ------------------------------------
row: 0 | 1   9   5 |{3}  6   2 | 7   4   8 |
row: 1 |<2>  .   4 |<1>  8   7 | 9   5   6 |
row: 2 | .   .   6 | 4   5   9 | 1  <3>  2 |
       ------------------------------------
row: 3 | .   .   . | 5   .   . | .   .   9 |
row: 4 | .   5   . | .   .   . | .   2  <3>|
row: 5 | 3   .   . | .   .   6 |<5>  .   . |
       ------------------------------------
row: 6 | 9   .   . | 2   3   1 | 4   6   5 |
row: 7 | 4   .   2 | 6   9   5 | 3  <8>  . |
row: 8 | 5  <6>  3 | 8  <7>  4 | 2   9  <1>|
       ------------------------------------
ITERATION #5
       ------------------------------------
row: 0 | 1   9   5 |{3}  6   2 | 7   4   8 |
row: 1 | 2  <3>  4 | 1   8   7 | 9   5   6 |
row: 2 | .   .   6 | 4   5   9 | 1   3   2 |
       ------------------------------------
row: 3 | .   .   . | 5   .  <3>|<8>  .   9 |
row: 4 | .   5   . | .   .  <8>|<6>  2   3 |
row: 5 | 3   .   . | .   .   6 | 5   .  <4>|
       ------------------------------------
row: 6 | 9   .   . | 2   3   1 | 4   6   5 |
row: 7 | 4  <1>  2 | 6   9   5 | 3   8  <7>|
row: 8 | 5   6   3 | 8   7   4 | 2   9   1 |
       ------------------------------------
ITERATION #6
       ------------------------------------
row: 0 | 1   9   5 |{3}  6   2 | 7   4   8 |
row: 1 | 2   3   4 | 1   8   7 | 9   5   6 |
row: 2 | .   .   6 | 4   5   9 | 1   3   2 |
       ------------------------------------
row: 3 |<6> <4>  . | 5   .   3 | 8  <7>  9 |
row: 4 |<7>  5   . |<9> <4>  8 | 6   2   3 |
row: 5 | 3   .   . |<7>  .   6 | 5  <1>  4 |
       ------------------------------------
row: 6 | 9   .   . | 2   3   1 | 4   6   5 |
row: 7 | 4   1   2 | 6   9   5 | 3   8   7 |
row: 8 | 5   6   3 | 8   7   4 | 2   9   1 |
       ------------------------------------
ITERATION #7
       ------------------------------------
row: 0 | 1   9   5 |{3}  6   2 | 7   4   8 |
row: 1 | 2   3   4 | 1   8   7 | 9   5   6 |
row: 2 |<8> <7>  6 | 4   5   9 | 1   3   2 |
       ------------------------------------
row: 3 | 6   4  <1>| 5  <2>  3 | 8   7   9 |
row: 4 | 7   5   . | 9   4   8 | 6   2   3 |
row: 5 | 3  <2> <9>| 7   .   6 | 5   1   4 |
       ------------------------------------
row: 6 | 9  <8> <7>| 2   3   1 | 4   6   5 |
row: 7 | 4   1   2 | 6   9   5 | 3   8   7 |
row: 8 | 5   6   3 | 8   7   4 | 2   9   1 |
       ------------------------------------
ITERATION #8
       ------------------------------------
row: 0 | 1   9   5 |{3}  6   2 | 7   4   8 |
row: 1 | 2   3   4 | 1   8   7 | 9   5   6 |
row: 2 | 8   7   6 | 4   5   9 | 1   3   2 |
       ------------------------------------
row: 3 | 6   4   1 | 5   2   3 | 8   7   9 |
row: 4 | 7   5   . | 9   4   8 | 6   2   3 |
row: 5 | 3   2   9 | 7   .   6 | 5   1   4 |
       ------------------------------------
row: 6 | 9   8   7 | 2   3   1 | 4   6   5 |
row: 7 | 4   1   2 | 6   9   5 | 3   8   7 |
row: 8 | 5   6   3 | 8   7   4 | 2   9   1 |
       ------------------------------------
=================
solveBoardSimple: Failed to solve just on constraints
=================
solveBoard: seed attempt #4 -> (3, 0) := 6
ITERATION #1
       ------------------------------------
row: 0 | 1   .   5 |{6} <3>  2 | 7   4   8 |
row: 1 | .   .   4 | .   8   . | 9   .   6 |
row: 2 | .   .   6 | 4   .  <9>| .   .   2 |
       ------------------------------------
row: 3 | .   .   . | 5   .   . | .   .   9 |
row: 4 | .   5   . | .   .   . | .   2   . |
row: 5 | 3   .   . | .   .   6 | .   .   . |
       ------------------------------------
row: 6 | 9   .   . |<3>  .   1 | 4   .   . |
row: 7 | 4   .   2 |<7>  9   . | 3   .   . |
row: 8 | 5   .   3 | 8   .   . | 2   9   . |
       ------------------------------------
ITERATION #2
       ------------------------------------
row: 0 | 1  <9>  5 |{6}  3   2 | 7   4   8 |
row: 1 | .   .   4 |<1>  8   . | 9   .   6 |
row: 2 | .   .   6 | 4   .   9 | .   .   2 |
       ------------------------------------
row: 3 | .   .   . | 5   .   . | .   .   9 |
row: 4 | .   5   . |<9>  .   . | .   2   . |
row: 5 | 3   .   . | .   .   6 | .   .   . |
       ------------------------------------
row: 6 | 9   .   . | 3  <2>  1 | 4   .   . |
row: 7 | 4   .   2 | 7   9  <5>| 3   .  <1>|
row: 8 | 5   .   3 | 8   .  <4>| 2   9   . |
       ------------------------------------
ITERATION #3
       ------------------------------------
row: 0 | 1   9   5 |{6}  3   2 | 7   4   8 |
row: 1 | .   .   4 | 1   8  <7>| 9  <5>  6 |
row: 2 | .   .   6 | 4  <5>  9 |<1>  .   2 |
       ------------------------------------
row: 3 | .   .   . | 5   .   . | .   .   9 |
row: 4 | .   5   . | 9   .   . | .   2   . |
row: 5 | 3   .  <9>|<2>  .   6 | .   .   . |
       ------------------------------------
row: 6 | 9   .   . | 3   2   1 | 4   .  <5>|
row: 7 | 4   .   2 | 7   9   5 | 3   .   1 |
row: 8 | 5  <1>  3 | 8  <6>  4 | 2   9  <7>|
       ------------------------------------
ITERATION #4
       ------------------------------------
row: 0 | 1   9   5 |{6}  3   2 | 7   4   8 |
row: 1 |<2>  .   4 | 1   8   7 | 9   5   6 |
row: 2 | .   .   6 | 4   5   9 | 1  <3>  2 |
       ------------------------------------
row: 3 | .  <2>  . | 5   .   . | .   .   9 |
row: 4 | .   5   . | 9   .   . | .   2  <3>|
row: 5 | 3   .   9 | 2   .   6 |<5>  .  <4>|
       ------------------------------------
row: 6 | 9   .   . | 3   2   1 | 4   .   5 |
row: 7 | 4   .   2 | 7   9   5 | 3   .   1 |
row: 8 | 5   1   3 | 8   6   4 | 2   9   7 |
       ------------------------------------
ITERATION #5
       ------------------------------------
row: 0 | 1   9   5 |{6}  3   2 | 7   4   8 |
row: 1 | 2  <3>  4 | 1   8   7 | 9   5   6 |
row: 2 | .   .   6 | 4   5   9 | 1   3   2 |
       ------------------------------------
row: 3 | .   2   . | 5   .  <3>| .   .   9 |
row: 4 | .   5   . | 9   .  <8>|<6>  2   3 |
row: 5 | 3   .   9 | 2   .   6 | 5   .   4 |
       ------------------------------------
row: 6 | 9   .   . | 3   2   1 | 4   .   5 |
row: 7 | 4   .   2 | 7   9   5 | 3   .   1 |
row: 8 | 5   1   3 | 8   6   4 | 2   9   7 |
       ------------------------------------
ITERATION #6
       ------------------------------------
row: 0 | 1   9   5 |{6}  3   2 | 7   4   8 |
row: 1 | 2   3   4 | 1   8   7 | 9   5   6 |
row: 2 | .   .   6 | 4   5   9 | 1   3   2 |
       ------------------------------------
row: 3 |<6>  2   . | 5   .   3 |<8>  .   9 |
row: 4 |<7>  5   . | 9   .   8 | 6   2   3 |
row: 5 | 3   .   9 | 2   .   6 | 5   .   4 |
       ------------------------------------
row: 6 | 9   .   . | 3   2   1 | 4   .   5 |
row: 7 | 4   .   2 | 7   9   5 | 3   .   1 |
row: 8 | 5   1   3 | 8   6   4 | 2   9   7 |
       ------------------------------------
ITERATION #7
       ------------------------------------
row: 0 | 1   9   5 |{6}  3   2 | 7   4   8 |
row: 1 | 2   3   4 | 1   8   7 | 9   5   6 |
row: 2 |<8> <7>  6 | 4   5   9 | 1   3   2 |
       ------------------------------------
row: 3 | 6   2  <1>| 5   .   3 | 8  <7>  9 |
row: 4 | 7   5   . | 9   .   8 | 6   2   3 |
row: 5 | 3  <8>  9 | 2   .   6 | 5  <1>  4 |
       ------------------------------------
row: 6 | 9  <6> <7>| 3   2   1 | 4  <8>  5 |
row: 7 | 4   .   2 | 7   9   5 | 3  <6>  1 |
row: 8 | 5   1   3 | 8   6   4 | 2   9   7 |
       ------------------------------------
ITERATION #8
       ------------------------------------
row: 0 | 1   9   5 |{6}  3   2 | 7   4   8 |
row: 1 | 2   3   4 | 1   8   7 | 9   5   6 |
row: 2 | 8   7   6 | 4   5   9 | 1   3   2 |
       ------------------------------------
row: 3 | 6   2   1 | 5  <4>  3 | 8   7   9 |
row: 4 | 7   5   . | 9  <1>  8 | 6   2   3 |
row: 5 | 3   8   9 | 2  <7>  6 | 5   1   4 |
       ------------------------------------
row: 6 | 9   6   7 | 3   2   1 | 4   8   5 |
row: 7 | 4   .   2 | 7   9   5 | 3   6   1 |
row: 8 | 5   1   3 | 8   6   4 | 2   9   7 |
       ------------------------------------
ITERATION #9
       ------------------------------------
row: 0 | 1   9   5 |{6}  3   2 | 7   4   8 |
row: 1 | 2   3   4 | 1   8   7 | 9   5   6 |
row: 2 | 8   7   6 | 4   5   9 | 1   3   2 |
       ------------------------------------
row: 3 | 6   2   1 | 5   4   3 | 8   7   9 |
row: 4 | 7   5   . | 9   1   8 | 6   2   3 |
row: 5 | 3   8   9 | 2   7   6 | 5   1   4 |
       ------------------------------------
row: 6 | 9   6   7 | 3   2   1 | 4   8   5 |
row: 7 | 4   .   2 | 7   9   5 | 3   6   1 |
row: 8 | 5   1   3 | 8   6   4 | 2   9   7 |
       ------------------------------------
=================
solveBoardSimple: Failed to solve just on constraints
=================
solveBoard: seed attempt #5 -> (3, 0) := 9
ITERATION #1
       ------------------------------------
row: 0 | 1  <3>  5 |{9} <6>  2 | 7   4   8 |
row: 1 | .   .   4 | .   8   . | 9   .   6 |
row: 2 | .  <9>  6 | 4   .   . | .   .   2 |
       ------------------------------------
row: 3 | .   .   . | 5   .   . | .   .   9 |
row: 4 | .   5   . | .   .  <9>| .   2   . |
row: 5 | 3   .   . | .   .   6 | .   .   . |
       ------------------------------------
row: 6 | 9   .   . | .   .   1 | 4   .   . |
row: 7 | 4   .   2 | .   9   . | 3   .   . |
row: 8 | 5   .   3 | 8   .   . | 2   9   . |
       ------------------------------------
ITERATION #2
       ------------------------------------
row: 0 | 1   3   5 |{9}  6   2 | 7   4   8 |
row: 1 | .   .   4 | .   8   . | 9   .   6 |
row: 2 |<8>  9   6 | 4   .   . | .   .   2 |
       ------------------------------------
row: 3 | .   .   . | 5   .  <8>| .   .   9 |
row: 4 | .   5   . | .   .   9 | .   2   . |
row: 5 | 3   .  <9>| .   .   6 | .   .   . |
       ------------------------------------
row: 6 | 9   .   . | .   .   1 | 4   .   . |
row: 7 | 4   .   2 | .   9   . | 3   .   . |
row: 8 | 5   .   3 | 8   .   . | 2   9   . |
       ------------------------------------
ITERATION #3
       ------------------------------------
row: 0 | 1   3   5 |{9}  6   2 | 7   4   8 |
row: 1 | .   .   4 | .   8   . | 9   .   6 |
row: 2 | 8   9   6 | 4   .   . | .   .   2 |
       ------------------------------------
row: 3 | .   .   . | 5   .   8 | .   .   9 |
row: 4 | .   5   . | .   .   9 | .   2   . |
row: 5 | 3   .   9 | .   .   6 | .   .   . |
       ------------------------------------
row: 6 | 9   .   . | .   .   1 | 4   .   . |
row: 7 | 4   .   2 | .   9   . | 3   .   . |
row: 8 | 5   .   3 | 8   .   . | 2   9   . |
       ------------------------------------
=================
solveBoardSimple: Failed to solve just on constraints
=================
