       ------------------------------------
row: 0 | .   9   . | .   .   6 | 4   1   . |
row: 1 | .   .   . | 5   .   3 | .   9   . |
row: 2 | .   7   . | 9   .   . | .   .   . |
       ------------------------------------
row: 3 | .   3   . | .   .   . | 6   5   . |
row: 4 | .   .   7 | .   .   . | 9   .   . |
row: 5 | .   8   1 | .   .   . | .   4   . |
       ------------------------------------
row: 6 | .   .   . | .   .   9 | .   2   . |
row: 7 | .   5   . | 3   .   2 | .   .   . |
row: 8 | .   1   9 | 6   .   . | .   7   . |
       ------------------------------------
        1, 2, 3, 4, 5, 6, 7, 8, 9
row 0: (1, 0, 0, 1, 0, 1, 0, 0, 1)
row 1: (0, 0, 1, 0, 1, 0, 0, 0, 1)
row 2: (0, 0, 0, 0, 0, 0, 1, 0, 1)
row 3: (0, 0, 1, 0, 1, 1, 0, 0, 0)
row 4: (0, 0, 0, 0, 0, 0, 1, 0, 1)
row 5: (1, 0, 0, 1, 0, 0, 0, 1, 0)
row 6: (0, 1, 0, 0, 0, 0, 0, 0, 1)
row 7: (0, 1, 1, 0, 1, 0, 0, 0, 0)
row 8: (1, 0, 0, 0, 0, 1, 1, 0, 1)
ITERATION #1
       ------------------------------------
row: 0 | .   9   . | .   .   6 | 4   1   . |
row: 1 | .   .   . | 5   .   3 | .   9   . |
row: 2 | .   7   . | 9   .   . | .   .   . |
       ------------------------------------
row: 3 | .   3   . | .   .   . | 6   5   . |
row: 4 | .   .   7 | .   .   . | 9   .   . |
row: 5 | .   8   1 | .   .   . | .   4   . |
       ------------------------------------
row: 6 | .   .   . | .   .   9 | .   2   . |
row: 7 | .   5   . | 3   .   2 | .   .  <9>|
row: 8 |<2>  1   9 | 6   .   . | .   7   . |
       ------------------------------------
ITERATION #2
       ------------------------------------
row: 0 | .   9   . | .   .   6 | 4   1   . |
row: 1 | .   .   . | 5   .   3 | .   9   . |
row: 2 | .   7   . | 9   .   . | .   .   . |
       ------------------------------------
row: 3 | .   3   . | .   .   . | 6   5   . |
row: 4 | .   .   7 | .   .   . | 9   .   . |
row: 5 | .   8   1 | .   .   . | .   4   . |
       ------------------------------------
row: 6 | .   .   . | .   .   9 | .   2   . |
row: 7 | .   5   . | 3   .   2 | .   .   9 |
row: 8 | 2   1   9 | 6   .   . | .   7   . |
       ------------------------------------
solveBoard: seeding (0, 0) := 3
ITERATION #1
       ------------------------------------
row: 0 |{3}  9   . | .   .   6 | 4   1   . |
row: 1 | .   .   . | 5   .   3 | .   9   . |
row: 2 | .   7   . | 9   .   . | .   .   . |
       ------------------------------------
row: 3 | .   3   . | .   .   . | 6   5   . |
row: 4 | .   .   7 | .   .   . | 9   .   . |
row: 5 | .   8   1 | .   .   . | .   4   . |
       ------------------------------------
row: 6 | .   .   . | .   .   9 | .   2   . |
row: 7 | .   5   . | 3   .   2 | .   .   9 |
row: 8 | 2   1   9 | 6   .   . | .   7   . |
       ------------------------------------
solveBoard: seeding (0, 0) := 5
ITERATION #1
       ------------------------------------
row: 0 |{5}  9   . | .   .   6 | 4   1   . |
row: 1 | .   .   . | 5   .   3 | .   9   . |
row: 2 | .   7   . | 9   .   . | .   .   . |
       ------------------------------------
row: 3 | .   3   . | .   .   . | 6   5   . |
row: 4 | .   .   7 | .   .   . | 9   .   . |
row: 5 | .   8   1 | .   .   . | .   4   . |
       ------------------------------------
row: 6 | .   .   . | .   .   9 | .   2   . |
row: 7 | .   5   . | 3   .   2 | .   .   9 |
row: 8 | 2   1   9 | 6   .   . | .   7   . |
       ------------------------------------
solveBoard: seeding (0, 0) := 8
ITERATION #1
       ------------------------------------
row: 0 |{8}  9   . | .   .   6 | 4   1   . |
row: 1 | .   .   . | 5   .   3 | .   9   . |
row: 2 | .   7   . | 9   .   . | .   .   . |
       ------------------------------------
row: 3 | .   3   . | .   .   . | 6   5   . |
row: 4 | .   .   7 | .   .   . | 9   .   . |
row: 5 | .   8   1 | .   .   . | .   4   . |
       ------------------------------------
row: 6 | .   .   . | .   .   9 | .   2   . |
row: 7 | .   5   . | 3   .   2 | .   .   9 |
row: 8 | 2   1   9 | 6   .   . | .   7   . |
       ------------------------------------
solveBoard: seeding (0, 1) := 1
ITERATION #1
       ------------------------------------
row: 0 | .   9   . | .   .   6 | 4   1   . |
row: 1 |{1}  .   . | 5  <1>  3 | .   9   . |
row: 2 |<1>  7   . | 9   .   . | .   .   . |
       ------------------------------------
row: 3 | .   3   . | .   .   . | 6   5   . |
row: 4 | .   .   7 | .   .   . | 9   .   . |
row: 5 | .   8   1 | .   .   . | .   4   . |
       ------------------------------------
row: 6 | .   .   . |<1>  .   9 | .   2   . |
row: 7 | .   5   . | 3   .   2 |<1>  .   9 |
row: 8 | 2   1   9 | 6   .   . | .   7   . |
       ------------------------------------
ITERATION #2
       ------------------------------------
row: 0 | .   9   . | .   .   6 | 4   1   . |
row: 1 |{1}  .   . | 5   1   3 | .   9   . |
row: 2 | 1   7   . | 9   .   . | .   .   . |
       ------------------------------------
row: 3 | .   3   . | .   .   . | 6   5   . |
row: 4 | .   .   7 | .   .   . | 9   .   . |
row: 5 | .   8   1 | .   .   . | .   4   . |
       ------------------------------------
row: 6 | .   .   . | 1   .   9 | .   2   . |
row: 7 | .   5   . | 3   .   2 | 1   .   9 |
row: 8 | 2   1   9 | 6   .   . | .   7   . |
       ------------------------------------
solveBoard: seeding (0, 1) := 4
ITERATION #1
       ------------------------------------
row: 0 | .   9   . | .   .   6 | 4   1   . |
row: 1 |{4}  .   . | 5   1   3 | .   9   . |
row: 2 | 1   7   . | 9   .   . | .   .   . |
       ------------------------------------
row: 3 | .   3   . | .   .   . | 6   5   . |
row: 4 | .   .   7 | .   .   . | 9   .   . |
row: 5 | .   8   1 | .   .   . | .   4   . |
       ------------------------------------
row: 6 | .   .   . | 1   .   9 | .   2   . |
row: 7 | .   5   . | 3   .   2 | 1   .   9 |
row: 8 | 2   1   9 | 6   .   . | .   7   . |
       ------------------------------------
solveBoard: seeding (0, 1) := 6
ITERATION #1
       ------------------------------------
row: 0 | .   9   . | .   .   6 | 4   1   . |
row: 1 |{6}  .   . | 5   1   3 | .   9   . |
row: 2 | 1   7   . | 9   .   . | .   .   . |
       ------------------------------------
row: 3 | .   3   . | .   .   . | 6   5   . |
row: 4 | .   .   7 | .   .   . | 9   .   . |
row: 5 | .   8   1 | .   .   . | .   4   . |
       ------------------------------------
row: 6 | .   .   . | 1   .   9 | .   2   . |
row: 7 | .   5   . | 3   .   2 | 1   .   9 |
row: 8 | 2   1   9 | 6   .   . | .   7   . |
       ------------------------------------
solveBoard: seeding (0, 1) := 8
ITERATION #1
       ------------------------------------
row: 0 | .   9   . | .   .   6 | 4   1   . |
row: 1 |{8}  .   . | 5   1   3 | .   9   . |
row: 2 | 1   7   . | 9   .   . | .   .   . |
       ------------------------------------
row: 3 | .   3   . | .   .   . | 6   5   . |
row: 4 | .   .   7 | .   .   . | 9   .   . |
row: 5 | .   8   1 | .   .   . | .   4   . |
       ------------------------------------
row: 6 | .   .   . | 1   .   9 | .   2   . |
row: 7 | .   5   . | 3   .   2 | 1   .   9 |
row: 8 | 2   1   9 | 6   .   . | .   7   . |
       ------------------------------------
solveBoard: seeding (0, 3) := 4
ITERATION #1
       ------------------------------------
row: 0 | .   9   . | .   .   6 | 4   1   . |
row: 1 | .   .   . | 5   1   3 | .   9   . |
row: 2 | 1   7   . | 9   .   . | .   .   . |
       ------------------------------------
row: 3 |{4}  3   . | .  <9>  . | 6   5   . |
row: 4 | .   .   7 | .   .   . | 9   .   . |
row: 5 |<9>  8   1 | .   .   . | .   4   . |
       ------------------------------------
row: 6 | .   .   . | 1   .   9 | .   2   . |
row: 7 | .   5   . | 3   .   2 | 1   .   9 |
row: 8 | 2   1   9 | 6   .   . | .   7   . |
       ------------------------------------
ITERATION #2
       ------------------------------------
row: 0 | .   9   . | .   .   6 | 4   1   . |
row: 1 | .   .   . | 5   1   3 | .   9   . |
row: 2 | 1   7   . | 9   .   . | .   .   . |
       ------------------------------------
row: 3 |{4}  3   . | .   9   . | 6   5   . |
row: 4 |<5>  .   7 | .   .   . | 9   .   . |
row: 5 | 9   8   1 | .   .   . | .   4   . |
       ------------------------------------
row: 6 | .   .   . | 1   .   9 | .   2   . |
row: 7 | .   5   . | 3   .   2 | 1   .   9 |
row: 8 | 2   1   9 | 6   .   . | .   7   . |
       ------------------------------------
ITERATION #3
       ------------------------------------
row: 0 | .   9   . | .   .   6 | 4   1   . |
row: 1 | .   .   . | 5   1   3 | .   9   . |
row: 2 | 1   7   . | 9   .   . | .   .   . |
       ------------------------------------
row: 3 |{4}  3   . | .   9   . | 6   5   . |
row: 4 | 5  <6>  7 | .   .   . | 9   .   . |
row: 5 | 9   8   1 | .  <6>  . | .   4   . |
       ------------------------------------
row: 6 | .  <4>  . | 1   .   9 | .   2   . |
row: 7 | .   5   . | 3   .   2 | 1   .   9 |
row: 8 | 2   1   9 | 6   .   . | .   7  <4>|
       ------------------------------------
ITERATION #4
       ------------------------------------
row: 0 | .   9   . | .   .   6 | 4   1   . |
row: 1 | .  <2>  . | 5   1   3 | .   9   . |
row: 2 | 1   7   . | 9   .   . | .   .   . |
       ------------------------------------
row: 3 |{4}  3  <2>| .   9   . | 6   5   . |
row: 4 | 5   6   7 | .  <3>  . | 9  <8>  . |
row: 5 | 9   8   1 | .   6  <5>| .   4   . |
       ------------------------------------
row: 6 | .   4   . | 1   .   9 | .   2   . |
row: 7 | .   5   . | 3  <4>  2 | 1  <6>  9 |
row: 8 | 2   1   9 | 6   .  <8>| .   7   4 |
       ------------------------------------
ITERATION #5
       ------------------------------------
row: 0 | .   9   . | .   .   6 | 4   1   . |
row: 1 | .   2   . | 5   1   3 | .   9   . |
row: 2 | 1   7   . | 9   .  <4>| .  <3>  . |
       ------------------------------------
row: 3 |{4}  3   2 |<8>  9   . | 6   5  <1>|
row: 4 | 5   6   7 | .   3  <1>| 9   8  <2>|
row: 5 | 9   8   1 | .   6   5 | .   4   . |
       ------------------------------------
row: 6 | .   4   . | 1  <7>  9 | .   2   . |
row: 7 | .   5  <8>| 3   4   2 | 1   6   9 |
row: 8 | 2   1   9 | 6  <5>  8 |<3>  7   4 |
       ------------------------------------
ITERATION #6
       ------------------------------------
row: 0 | .   9   . |<7>  .   6 | 4   1   . |
row: 1 | .   2   . | 5   1   3 | .   9   . |
row: 2 | 1   7   . | 9   .   4 |<2>  3   . |
       ------------------------------------
row: 3 |{4}  3   2 | 8   9  <7>| 6   5   1 |
row: 4 | 5   6   7 |<4>  3   1 | 9   8   2 |
row: 5 | 9   8   1 |<2>  6   5 |<7>  4  <3>|
       ------------------------------------
row: 6 | .   4   . | 1   7   9 | .   2   . |
row: 7 |<7>  5   8 | 3   4   2 | 1   6   9 |
row: 8 | 2   1   9 | 6   5   8 | 3   7   4 |
       ------------------------------------
ITERATION #7
       ------------------------------------
row: 0 | .   9   . | 7  <2>  6 | 4   1   . |
row: 1 | .   2   . | 5   1   3 |<8>  9  <7>|
row: 2 | 1   7   . | 9  <8>  4 | 2   3   . |
       ------------------------------------
row: 3 |{4}  3   2 | 8   9   7 | 6   5   1 |
row: 4 | 5   6   7 | 4   3   1 | 9   8   2 |
row: 5 | 9   8   1 | 2   6   5 | 7   4   3 |
       ------------------------------------
row: 6 | .   4   . | 1   7   9 |<5>  2  <8>|
row: 7 | 7   5   8 | 3   4   2 | 1   6   9 |
row: 8 | 2   1   9 | 6   5   8 | 3   7   4 |
       ------------------------------------
ITERATION #8
       ------------------------------------
row: 0 |<8>  9   . | 7   2   6 | 4   1  <5>|
row: 1 | .   2   . | 5   1   3 | 8   9   7 |
row: 2 | 1   7   . | 9   8   4 | 2   3  <6>|
       ------------------------------------
row: 3 |{4}  3   2 | 8   9   7 | 6   5   1 |
row: 4 | 5   6   7 | 4   3   1 | 9   8   2 |
row: 5 | 9   8   1 | 2   6   5 | 7   4   3 |
       ------------------------------------
row: 6 | .   4   . | 1   7   9 | 5   2   8 |
row: 7 | 7   5   8 | 3   4   2 | 1   6   9 |
row: 8 | 2   1   9 | 6   5   8 | 3   7   4 |
       ------------------------------------
ITERATION #9
       ------------------------------------
row: 0 | 8   9  <3>| 7   2   6 | 4   1   5 |
row: 1 | .   2   . | 5   1   3 | 8   9   7 |
row: 2 | 1   7  <5>| 9   8   4 | 2   3   6 |
       ------------------------------------
row: 3 |{4}  3   2 | 8   9   7 | 6   5   1 |
row: 4 | 5   6   7 | 4   3   1 | 9   8   2 |
row: 5 | 9   8   1 | 2   6   5 | 7   4   3 |
       ------------------------------------
row: 6 |<3>  4  <6>| 1   7   9 | 5   2   8 |
row: 7 | 7   5   8 | 3   4   2 | 1   6   9 |
row: 8 | 2   1   9 | 6   5   8 | 3   7   4 |
       ------------------------------------
ITERATION #10
       ------------------------------------
row: 0 | 8   9   3 | 7   2   6 | 4   1   5 |
row: 1 |<6>  2  <4>| 5   1   3 | 8   9   7 |
row: 2 | 1   7   5 | 9   8   4 | 2   3   6 |
       ------------------------------------
row: 3 |{4}  3   2 | 8   9   7 | 6   5   1 |
row: 4 | 5   6   7 | 4   3   1 | 9   8   2 |
row: 5 | 9   8   1 | 2   6   5 | 7   4   3 |
       ------------------------------------
row: 6 | 3   4   6 | 1   7   9 | 5   2   8 |
row: 7 | 7   5   8 | 3   4   2 | 1   6   9 |
row: 8 | 2   1   9 | 6   5   8 | 3   7   4 |
       ------------------------------------
ITERATION #11
       ------------------------------------
row: 0 | 8   9   3 | 7   2   6 | 4   1   5 |
row: 1 | 6   2   4 | 5   1   3 | 8   9   7 |
row: 2 | 1   7   5 | 9   8   4 | 2   3   6 |
       ------------------------------------
row: 3 |{4}  3   2 | 8   9   7 | 6   5   1 |
row: 4 | 5   6   7 | 4   3   1 | 9   8   2 |
row: 5 | 9   8   1 | 2   6   5 | 7   4   3 |
       ------------------------------------
row: 6 | 3   4   6 | 1   7   9 | 5   2   8 |
row: 7 | 7   5   8 | 3   4   2 | 1   6   9 |
row: 8 | 2   1   9 | 6   5   8 | 3   7   4 |
       ------------------------------------
       ------------------------------------
row: 0 | 8   9   3 | 7   2   6 | 4   1   5 |
row: 1 | 6   2   4 | 5   1   3 | 8   9   7 |
row: 2 | 1   7   5 | 9   8   4 | 2   3   6 |
       ------------------------------------
row: 3 | 4   3   2 | 8   9   7 | 6   5   1 |
row: 4 | 5   6   7 | 4   3   1 | 9   8   2 |
row: 5 | 9   8   1 | 2   6   5 | 7   4   3 |
       ------------------------------------
row: 6 | 3   4   6 | 1   7   9 | 5   2   8 |
row: 7 | 7   5   8 | 3   4   2 | 1   6   9 |
row: 8 | 2   1   9 | 6   5   8 | 3   7   4 |
       ------------------------------------
        1, 2, 3, 4, 5, 6, 7, 8, 9
row 0: (1, 1, 1, 1, 1, 1, 1, 1, 1)
row 1: (1, 1, 1, 1, 1, 1, 1, 1, 1)
row 2: (1, 1, 1, 1, 1, 1, 1, 1, 1)
row 3: (1, 1, 1, 0, 1, 1, 1, 1, 1)
row 4: (1, 1, 1, 1, 1, 1, 1, 1, 1)
row 5: (1, 1, 1, 1, 1, 1, 1, 1, 1)
row 6: (1, 1, 1, 1, 1, 1, 1, 1, 1)
row 7: (1, 1, 1, 1, 1, 1, 1, 1, 1)
row 8: (1, 1, 1, 1, 1, 1, 1, 1, 1)
